[debug] [2021-07-19T20:48:19.806Z] ----------------------------------------------------------------------
[debug] [2021-07-19T20:48:19.807Z] Command:       /opt/homebrew/Cellar/node/16.4.1/bin/node /opt/homebrew/bin/firebase init
[debug] [2021-07-19T20:48:19.807Z] CLI Version:   9.16.0
[debug] [2021-07-19T20:48:19.807Z] Platform:      darwin
[debug] [2021-07-19T20:48:19.807Z] Node Version:  v16.4.1
[debug] [2021-07-19T20:48:19.808Z] Time:          Tue Jul 20 2021 05:48:19 GMT+0900 (대한민국 표준시)
[debug] [2021-07-19T20:48:19.808Z] ----------------------------------------------------------------------
[debug] 
[debug] [2021-07-19T20:48:19.810Z] > command requires scopes: ["email","openid","https://www.googleapis.com/auth/cloudplatformprojects.readonly","https://www.googleapis.com/auth/firebase","https://www.googleapis.com/auth/cloud-platform"]
[debug] [2021-07-19T20:48:19.810Z] > authorizing via signed-in user (kbmin1129@gmail.com)
[info] 
     ######## #### ########  ######## ########     ###     ######  ########
     ##        ##  ##     ## ##       ##     ##  ##   ##  ##       ##
     ######    ##  ########  ######   ########  #########  ######  ######
     ##        ##  ##    ##  ##       ##     ## ##     ##       ## ##
     ##       #### ##     ## ######## ########  ##     ##  ######  ########

You're about to initialize a Firebase project in this directory:

  /Users/kbmin/GoogleDrive/WebAppDev/React/netflix-clone

[info] 
=== Project Setup
[info] 
[info] First, let's associate this project directory with a Firebase project.
[info] You can create multiple project aliases by running firebase use --add, 
[info] but for now we'll just set up a default project.
[info] 
[debug] [2021-07-19T20:49:07.377Z] > refreshing access token with scopes: []
[debug] [2021-07-19T20:49:07.377Z] >>> HTTP REQUEST POST https://www.googleapis.com/oauth2/v3/token  
 <request body omitted>
[debug] [2021-07-19T20:49:07.727Z] <<< HTTP RESPONSE 200 {"cache-control":"no-cache, no-store, max-age=0, must-revalidate","pragma":"no-cache","expires":"Mon, 01 Jan 1990 00:00:00 GMT","date":"Mon, 19 Jul 2021 20:49:07 GMT","content-type":"application/json; charset=utf-8","vary":"X-Origin, Referer, Origin,Accept-Encoding","server":"scaffolding on HTTPServer2","x-xss-protection":"0","x-frame-options":"SAMEORIGIN","x-content-type-options":"nosniff","alt-svc":"h3=\":443\"; ma=2592000,h3-29=\":443\"; ma=2592000,h3-T051=\":443\"; ma=2592000,h3-Q050=\":443\"; ma=2592000,h3-Q046=\":443\"; ma=2592000,h3-Q043=\":443\"; ma=2592000,quic=\":443\"; ma=2592000; v=\"46,43\"","accept-ranges":"none","transfer-encoding":"chunked"}
[debug] [2021-07-19T20:49:07.781Z] >>> [apiv2][query] GET https://firebase.googleapis.com/v1beta1/projects pageSize=100
[debug] [2021-07-19T20:49:08.673Z] <<< [apiv2][status] GET https://firebase.googleapis.com/v1beta1/projects 200
[debug] [2021-07-19T20:49:08.673Z] <<< [apiv2][body] GET https://firebase.googleapis.com/v1beta1/projects [omitted]
[info] i  Using project netflix-clone-9557b (Netflix-clone) 
[info] 
=== Hosting Setup
[info] 
[info] Your public directory is the folder (relative to your project directory) that
[info] will contain Hosting assets to be uploaded with firebase deploy. If you
[info] have a build process for your assets, use your build's output directory.
[info] 
[debug] [2021-07-19T20:49:56.004Z] >>> [apiv2][query] GET https://www.gstatic.com/firebasejs/releases.json [none]
[debug] [2021-07-19T20:49:56.223Z] <<< [apiv2][status] GET https://www.gstatic.com/firebasejs/releases.json 200
[debug] [2021-07-19T20:49:56.223Z] <<< [apiv2][body] GET https://www.gstatic.com/firebasejs/releases.json {"current":{"version":"8.7.1","browserURL":"https://www.gstatic.com/firebasejs/8.7.1/firebase.js","packageURL":"https://www.gstatic.com/firebasejs/8.7.1/firebase.tgz"},"live":{"version":"8.7","browserURL":"https://www.gstatic.com/firebasejs/live/8.7/firebase.js","packageURL":"https://www.gstatic.com/firebasejs/live/8.7/firebase.tgz"},"components":{"analytics":"https://www.gstatic.com/firebasejs/8.7.1/firebase-analytics.js","app":"https://www.gstatic.com/firebasejs/8.7.1/firebase-app.js","app-check":"https://www.gstatic.com/firebasejs/8.7.1/firebase-app-check.js","auth":"https://www.gstatic.com/firebasejs/8.7.1/firebase-auth.js","database":"https://www.gstatic.com/firebasejs/8.7.1/firebase-database.js","firestore":"https://www.gstatic.com/firebasejs/8.7.1/firebase-firestore.js","functions":"https://www.gstatic.com/firebasejs/8.7.1/firebase-functions.js","installations":"https://www.gstatic.com/firebasejs/8.7.1/firebase-installations.js","messaging":"https://www.gstatic.com/firebasejs/8.7.1/firebase-messaging.js","storage":"https://www.gstatic.com/firebasejs/8.7.1/firebase-storage.js","performance":"https://www.gstatic.com/firebasejs/8.7.1/firebase-performance.js","remote-config":"https://www.gstatic.com/firebasejs/8.7.1/firebase-remote-config.js","firestore.memory":"https://www.gstatic.com/firebasejs/8.7.1/firebase-firestore.memory.js"}}
[info] ✔  Wrote build/index.html 
[info] 
[info] i  Detected a .git folder at /Users/kbmin/GoogleDrive/WebAppDev 
[info] i  Authorizing with GitHub to upload your service account to a GitHub repository's secrets store. 
[info] 
[info] Visit this URL on this device to log in:
[info] https://github.com/login/oauth/authorize?client_id=89cf50f02ac6aaed3484&state=275736236&redirect_uri=http%3A%2F%2Flocalhost%3A9005&scope=read%3Auser%20repo%20public_repo
[info] 
[info] Waiting for authentication...
[debug] [2021-07-19T20:50:02.326Z] >>> HTTP REQUEST POST https://github.com/login/oauth/access_token  
 {"client_id":"89cf50f02ac6aaed3484","client_secret":"3330d14abc895d9a74d5f17cd7a00711fa2c5bf0","code":"7becc9efe8478471a7f1","redirect_uri":"http://localhost:9005","state":"275736236"}
[debug] [2021-07-19T20:50:02.613Z] <<< HTTP RESPONSE 200 {"server":"GitHub.com","date":"Mon, 19 Jul 2021 20:50:02 GMT","content-type":"application/json; charset=utf-8","transfer-encoding":"chunked","vary":"X-PJAX, Accept-Encoding, Accept, X-Requested-With","permissions-policy":"interest-cohort=()","etag":"W/\"694a5e6eff628f77fbc2b8a118069316\"","cache-control":"max-age=0, private, must-revalidate","strict-transport-security":"max-age=31536000; includeSubdomains; preload","x-frame-options":"deny","x-content-type-options":"nosniff","x-xss-protection":"0","referrer-policy":"origin-when-cross-origin, strict-origin-when-cross-origin","expect-ct":"max-age=2592000, report-uri=\"https://api.github.com/_private/browser/errors\"","content-security-policy":"default-src 'none'; base-uri 'self'; block-all-mixed-content; connect-src 'self' uploads.github.com www.githubstatus.com collector.githubapp.com api.github.com github-cloud.s3.amazonaws.com github-production-repository-file-5c1aeb.s3.amazonaws.com github-production-upload-manifest-file-7fdce7.s3.amazonaws.com github-production-user-asset-6210df.s3.amazonaws.com cdn.optimizely.com logx.optimizely.com/v1/events translator.github.com wss://alive.github.com; font-src github.githubassets.com; form-action 'self' github.com gist.github.com; frame-ancestors 'none'; frame-src render.githubusercontent.com render-temp.githubusercontent.com viewscreen.githubusercontent.com; img-src 'self' data: github.githubassets.com identicons.github.com collector.githubapp.com github-cloud.s3.amazonaws.com secured-user-images.githubusercontent.com/ *.githubusercontent.com; manifest-src 'self'; media-src 'none'; script-src github.githubassets.com; style-src 'unsafe-inline' github.githubassets.com; worker-src github.com/socket-worker-3f088aa2.js gist.github.com/socket-worker-3f088aa2.js","x-github-request-id":"AFB8:59BA:43CB:19DFB:60F5E57A"}
[debug] [2021-07-19T20:50:02.622Z] >>> [apiv2][query] GET https://api.github.com/user [none]
[debug] [2021-07-19T20:50:02.974Z] <<< [apiv2][status] GET https://api.github.com/user 200
[debug] [2021-07-19T20:50:02.975Z] <<< [apiv2][body] GET https://api.github.com/user {"login":"minr2kb","id":77144827,"node_id":"MDQ6VXNlcjc3MTQ0ODI3","avatar_url":"https://avatars.githubusercontent.com/u/77144827?v=4","gravatar_id":"","url":"https://api.github.com/users/minr2kb","html_url":"https://github.com/minr2kb","followers_url":"https://api.github.com/users/minr2kb/followers","following_url":"https://api.github.com/users/minr2kb/following{/other_user}","gists_url":"https://api.github.com/users/minr2kb/gists{/gist_id}","starred_url":"https://api.github.com/users/minr2kb/starred{/owner}{/repo}","subscriptions_url":"https://api.github.com/users/minr2kb/subscriptions","organizations_url":"https://api.github.com/users/minr2kb/orgs","repos_url":"https://api.github.com/users/minr2kb/repos","events_url":"https://api.github.com/users/minr2kb/events{/privacy}","received_events_url":"https://api.github.com/users/minr2kb/received_events","type":"User","site_admin":false,"name":"Kyungbae Min","company":"SUNY Korea","blog":"","location":"Incheon","email":null,"hireable":null,"bio":"Applied Mathematics and Statistics major / Computer Science minor","twitter_username":null,"public_repos":5,"public_gists":0,"followers":0,"following":0,"created_at":"2021-01-08T08:09:34Z","updated_at":"2021-07-19T20:50:02Z","private_gists":0,"total_private_repos":1,"owned_private_repos":1,"disk_usage":97424,"collaborators":0,"two_factor_authentication":false,"plan":{"name":"free","space":976562499,"collaborators":0,"private_repos":10000}}
[info] 
[info] ✔  Success! Logged into GitHub as minr2kb 
[info] 
[debug] [2021-07-19T20:50:19.414Z] >>> [apiv2][query] GET https://api.github.com/repos//actions/secrets/public-key type=owner
[debug] [2021-07-19T20:50:19.788Z] <<< [apiv2][status] GET https://api.github.com/repos//actions/secrets/public-key 404
[debug] [2021-07-19T20:50:19.789Z] <<< [apiv2][body] GET https://api.github.com/repos//actions/secrets/public-key {"message":"Not Found","documentation_url":"https://docs.github.com/rest"}
[debug] [2021-07-19T20:50:56.257Z] >>> [apiv2][query] GET https://api.github.com/repos/minr2kb/Netflix-clone/actions/secrets/public-key type=owner
[debug] [2021-07-19T20:50:56.527Z] <<< [apiv2][status] GET https://api.github.com/repos/minr2kb/Netflix-clone/actions/secrets/public-key 404
[debug] [2021-07-19T20:50:56.527Z] <<< [apiv2][body] GET https://api.github.com/repos/minr2kb/Netflix-clone/actions/secrets/public-key {"message":"Not Found","documentation_url":"https://docs.github.com/rest/reference/actions#get-a-repository-public-key"}
